<?xml version="1.0" encoding="UTF-8"?>
<!-- Generated by org.testng.reporters.JUnitXMLReporter -->
<testsuite hostname="venkat-PC" ignored="0" name="freecrmtesthomepagetest" tests="5" failures="0" timestamp="05 Mar 2018 16:06:51 GMT" time="237.68" errors="0">
  <testcase name="@BeforeMethod getbrowserandloginsetup" time="27.615" classname="com.qa.testclasses.HomePageTest">
    <failure type="org.openqa.selenium.WebDriverException" message="unknown error: Element &amp;lt;input type=&amp;quot;submit&amp;quot; value=&amp;quot;Login&amp;quot; class=&amp;quot;btn btn-small&amp;quot;&amp;gt; is not clickable at point (919, 117). Other element would receive the click: &amp;lt;input type=&amp;quot;password&amp;quot; class=&amp;quot;form-control&amp;quot; placeholder=&amp;quot;Password&amp;quot; name=&amp;quot;password&amp;quot;&amp;gt;
  (Session info: chrome=64.0.3282.186)
  (Driver info: chromedriver=2.34.522940 (1a76f96f66e3ca7b8e57d503b4dd3bccfba87af1),platform=Windows NT 6.1.7601 SP1 x86_64) (WARNING: The server did not provide any stacktrace information)
Command duration or timeout: 1.11 seconds
Build info: version: &amp;apos;2.53.1&amp;apos;, revision: &amp;apos;a36b8b1cd5757287168e54b817830adce9b0158d&amp;apos;, time: &amp;apos;2016-06-30 19:26:09&amp;apos;
System info: host: &amp;apos;venkat-PC&amp;apos;, ip: &amp;apos;192.168.0.35&amp;apos;, os.name: &amp;apos;Windows 7&amp;apos;, os.arch: &amp;apos;x86&amp;apos;, os.version: &amp;apos;6.1&amp;apos;, java.version: &amp;apos;1.8.0_161&amp;apos;
Driver info: org.openqa.selenium.chrome.ChromeDriver
Capabilities [{applicationCacheEnabled=false, rotatable=false, mobileEmulationEnabled=false, networkConnectionEnabled=false, chrome={chromedriverVersion=2.34.522940 (1a76f96f66e3ca7b8e57d503b4dd3bccfba87af1), userDataDir=C:\Users\venkat\AppData\Local\Temp\scoped_dir4412_26436}, takesHeapSnapshot=true, pageLoadStrategy=normal, databaseEnabled=false, handlesAlerts=true, hasTouchScreen=false, version=64.0.3282.186, platform=XP, browserConnectionEnabled=false, nativeEvents=true, acceptSslCerts=true, locationContextEnabled=true, webStorageEnabled=true, browserName=chrome, takesScreenshot=true, javascriptEnabled=true, cssSelectorsEnabled=true, setWindowRect=true, unexpectedAlertBehaviour=}]
Session ID: a6077948d3a67f8bc1210ed184bdae07">
      <![CDATA[org.openqa.selenium.WebDriverException: unknown error: Element <input type="submit" value="Login" class="btn btn-small"> is not clickable at point (919, 117). Other element would receive the click: <input type="password" class="form-control" placeholder="Password" name="password">  (Session info: chrome=64.0.3282.186)  (Driver info: chromedriver=2.34.522940 (1a76f96f66e3ca7b8e57d503b4dd3bccfba87af1),platform=Windows NT 6.1.7601 SP1 x86_64) (WARNING: The server did not provide any stacktrace information)Command duration or timeout: 1.11 secondsBuild info: version: '2.53.1', revision: 'a36b8b1cd5757287168e54b817830adce9b0158d', time: '2016-06-30 19:26:09'System info: host: 'venkat-PC', ip: '192.168.0.35', os.name: 'Windows 7', os.arch: 'x86', os.version: '6.1', java.version: '1.8.0_161'Driver info: org.openqa.selenium.chrome.ChromeDriverCapabilities [{applicationCacheEnabled=false, rotatable=false, mobileEmulationEnabled=false, networkConnectionEnabled=false, chrome={chromedriverVersion=2.34.522940 (1a76f96f66e3ca7b8e57d503b4dd3bccfba87af1), userDataDir=C:\Users\venkat\AppData\Local\Temp\scoped_dir4412_26436}, takesHeapSnapshot=true, pageLoadStrategy=normal, databaseEnabled=false, handlesAlerts=true, hasTouchScreen=false, version=64.0.3282.186, platform=XP, browserConnectionEnabled=false, nativeEvents=true, acceptSslCerts=true, locationContextEnabled=true, webStorageEnabled=true, browserName=chrome, takesScreenshot=true, javascriptEnabled=true, cssSelectorsEnabled=true, setWindowRect=true, unexpectedAlertBehaviour=}]Session ID: a6077948d3a67f8bc1210ed184bdae07at org.openqa.selenium.remote.ErrorHandler.createThrowable(ErrorHandler.java:206)at org.openqa.selenium.remote.ErrorHandler.throwIfResponseFailed(ErrorHandler.java:158)at org.openqa.selenium.remote.RemoteWebDriver.execute(RemoteWebDriver.java:678)at org.openqa.selenium.remote.RemoteWebElement.execute(RemoteWebElement.java:327)at org.openqa.selenium.remote.RemoteWebElement.click(RemoteWebElement.java:85)at org.openqa.selenium.support.events.EventFiringWebDriver$EventFiringWebElement$1.invoke(EventFiringWebDriver.java:335)at com.sun.proxy.$Proxy12.click(Unknown Source)at org.openqa.selenium.support.events.EventFiringWebDriver$EventFiringWebElement.click(EventFiringWebDriver.java:348)at org.openqa.selenium.support.pagefactory.internal.LocatingElementHandler.invoke(LocatingElementHandler.java:51)at com.sun.proxy.$Proxy8.click(Unknown Source)at com.qa.pages.Loginpage.loginbtnclickverification(Loginpage.java:51)at com.qa.testclasses.HomePageTest.getbrowserandloginsetup(HomePageTest.java:35)... Removed 40 stack frames]]>
    </failure>
  </testcase> <!-- @BeforeMethod getbrowserandloginsetup -->
  <testcase name="@AfterMethod closebrowser" time="0.0" classname="com.qa.testclasses.HomePageTest">
    <skipped/>
  </testcase> <!-- @AfterMethod closebrowser -->
  <testcase name="@AfterMethod closebrowser" time="0.0" classname="com.qa.testclasses.HomePageTest">
    <skipped/>
  </testcase> <!-- @AfterMethod closebrowser -->
  <testcase name="@AfterMethod closebrowser" time="0.0" classname="com.qa.testclasses.HomePageTest">
    <skipped/>
  </testcase> <!-- @AfterMethod closebrowser -->
  <testcase name="@AfterMethod closebrowser" time="0.0" classname="com.qa.testclasses.HomePageTest">
    <skipped/>
  </testcase> <!-- @AfterMethod closebrowser -->
  <testcase name="@AfterMethod closebrowser" time="0.0" classname="com.qa.testclasses.HomePageTest">
    <skipped/>
  </testcase> <!-- @AfterMethod closebrowser -->
  <testcase name="verifyhomepagetitleTest" time="0.0" classname="com.qa.testclasses.HomePageTest">
    <skipped/>
  </testcase> <!-- verifyhomepagetitleTest -->
  <testcase name="checkuserlogoutTest" time="0.0" classname="com.qa.testclasses.HomePageTest">
    <skipped/>
  </testcase> <!-- checkuserlogoutTest -->
  <testcase name="quicksearchtextTest" time="0.0" classname="com.qa.testclasses.HomePageTest">
    <skipped/>
  </testcase> <!-- quicksearchtextTest -->
  <testcase name="verifyHomepageheaderTest" time="0.0" classname="com.qa.testclasses.HomePageTest">
    <skipped/>
  </testcase> <!-- verifyHomepageheaderTest -->
  <testcase name="verifyusernameisdisplayedTest" time="0.0" classname="com.qa.testclasses.HomePageTest">
    <skipped/>
  </testcase> <!-- verifyusernameisdisplayedTest -->
</testsuite> <!-- freecrmtesthomepagetest -->
